  [1m[36mSQL (10.6ms)[0m  [1mSHOW TABLES[0m
  [1m[35mSQL (519.6ms)[0m  CREATE TABLE `schema_migrations` (`version` varchar(255) NOT NULL) ENGINE=InnoDB
  [1m[36mSQL (2.1ms)[0m  [1mSHOW KEYS FROM `schema_migrations`[0m
  [1m[35mSQL (225.0ms)[0m  CREATE UNIQUE INDEX `unique_schema_migrations` ON `schema_migrations` (`version`)
  [1m[36mSQL (7.2ms)[0m  [1mSHOW TABLES[0m
  [1m[35mSQL (6.1ms)[0m  SHOW TABLES
  [1m[36mSQL (3.7ms)[0m  [1mSELECT `schema_migrations`.`version` FROM `schema_migrations`[0m
Migrating to CreateUsers (20110531213922)
  [1m[35mSQL (180.8ms)[0m  CREATE TABLE `users` (`id` int(11) DEFAULT NULL auto_increment PRIMARY KEY, `runner_id` varchar(255), `photo_file` varchar(255), `name` varchar(255), `email` varchar(255), `created_at` datetime, `updated_at` datetime) ENGINE=InnoDB
  [1m[36mSQL (2.0ms)[0m  [1mINSERT INTO `schema_migrations` (`version`) VALUES ('20110531213922')[0m
Migrating to CreateCheckins (20110531214654)
  [1m[35mSQL (57.7ms)[0m  CREATE TABLE `checkins` (`id` int(11) DEFAULT NULL auto_increment PRIMARY KEY, `runner_id` varchar(255), `checkpoint_id` varchar(255), `longitude` float, `latitude` float, `device_id` varchar(255), `reported_timestamp` datetime, `checksum` varchar(255), `created_at` datetime, `updated_at` datetime) ENGINE=InnoDB
  [1m[36mSQL (0.9ms)[0m  [1mINSERT INTO `schema_migrations` (`version`) VALUES ('20110531214654')[0m
Migrating to CreateCatches (20110531214747)
  [1m[35mSQL (166.8ms)[0m  CREATE TABLE `catches` (`id` int(11) DEFAULT NULL auto_increment PRIMARY KEY, `chaser_id` varchar(255), `runner_id` varchar(255), `reported_timestamp` datetime, `created_at` datetime, `updated_at` datetime) ENGINE=InnoDB
  [1m[36mSQL (6.6ms)[0m  [1mINSERT INTO `schema_migrations` (`version`) VALUES ('20110531214747')[0m
Migrating to CreateCheckpoints (20110531214904)
  [1m[35mSQL (117.2ms)[0m  CREATE TABLE `checkpoints` (`id` int(11) DEFAULT NULL auto_increment PRIMARY KEY, `checkpoint_id` varchar(255), `longitude` float, `latitude` float, `created_at` datetime, `updated_at` datetime) ENGINE=InnoDB
  [1m[36mSQL (2.9ms)[0m  [1mINSERT INTO `schema_migrations` (`version`) VALUES ('20110531214904')[0m
  [1m[35mSQL (1.6ms)[0m  SHOW TABLES
  [1m[36mSQL (4.0ms)[0m  [1mSELECT `schema_migrations`.`version` FROM `schema_migrations`[0m
  [1m[35mSQL (3.3ms)[0m  SHOW TABLES
  [1m[36mSQL (1.0ms)[0m  [1mdescribe `catches`[0m
  [1m[35mSQL (0.8ms)[0m  SHOW KEYS FROM `catches`
  [1m[36mSQL (1.1ms)[0m  [1mdescribe `checkins`[0m
  [1m[35mSQL (1.8ms)[0m  SHOW KEYS FROM `checkins`
  [1m[36mSQL (2.6ms)[0m  [1mdescribe `checkpoints`[0m
  [1m[35mSQL (0.8ms)[0m  SHOW KEYS FROM `checkpoints`
  [1m[36mSQL (2.7ms)[0m  [1mdescribe `users`[0m
  [1m[35mSQL (1.8ms)[0m  SHOW KEYS FROM `users`
  [1m[36mSQL (10.4ms)[0m  [1mSHOW TABLES[0m
  [1m[35mSQL (33.5ms)[0m  CREATE TABLE `catches` (`id` int(11) DEFAULT NULL auto_increment PRIMARY KEY, `chaser_id` varchar(255), `runner_id` varchar(255), `reported_timestamp` datetime, `created_at` datetime, `updated_at` datetime) ENGINE=InnoDB
  [1m[36mSQL (12.4ms)[0m  [1mSHOW TABLES[0m
  [1m[35mSQL (58.9ms)[0m  CREATE TABLE `checkins` (`id` int(11) DEFAULT NULL auto_increment PRIMARY KEY, `runner_id` varchar(255), `checkpoint_id` varchar(255), `longitude` float, `latitude` float, `device_id` varchar(255), `reported_timestamp` datetime, `checksum` varchar(255), `created_at` datetime, `updated_at` datetime) ENGINE=InnoDB
  [1m[36mSQL (0.6ms)[0m  [1mSHOW TABLES[0m
  [1m[35mSQL (14.0ms)[0m  CREATE TABLE `checkpoints` (`id` int(11) DEFAULT NULL auto_increment PRIMARY KEY, `checkpoint_id` varchar(255), `longitude` float, `latitude` float, `created_at` datetime, `updated_at` datetime) ENGINE=InnoDB
  [1m[36mSQL (1.1ms)[0m  [1mSHOW TABLES[0m
  [1m[35mSQL (13.9ms)[0m  CREATE TABLE `users` (`id` int(11) DEFAULT NULL auto_increment PRIMARY KEY, `runner_id` varchar(255), `photo_file` varchar(255), `name` varchar(255), `email` varchar(255), `created_at` datetime, `updated_at` datetime) ENGINE=InnoDB
  [1m[36mSQL (0.6ms)[0m  [1mSHOW TABLES[0m
  [1m[35mSQL (11.0ms)[0m  CREATE TABLE `schema_migrations` (`version` varchar(255) NOT NULL) ENGINE=InnoDB
  [1m[36mSQL (0.6ms)[0m  [1mSHOW KEYS FROM `schema_migrations`[0m
  [1m[35mSQL (47.6ms)[0m  CREATE UNIQUE INDEX `unique_schema_migrations` ON `schema_migrations` (`version`)
  [1m[36mSQL (2.1ms)[0m  [1mSHOW TABLES[0m
  [1m[35mSQL (4.6ms)[0m  SELECT version FROM `schema_migrations`
  [1m[36mSQL (4.0ms)[0m  [1mINSERT INTO `schema_migrations` (version) VALUES ('20110531214904')[0m
  [1m[35mSQL (1.3ms)[0m  INSERT INTO `schema_migrations` (version) VALUES ('20110531214747')
  [1m[36mSQL (0.9ms)[0m  [1mINSERT INTO `schema_migrations` (version) VALUES ('20110531214654')[0m
  [1m[35mSQL (0.6ms)[0m  INSERT INTO `schema_migrations` (version) VALUES ('20110531213922')
  [1m[36mSQL (0.6ms)[0m  [1mSHOW TABLES[0m
  [1m[35mSQL (0.6ms)[0m  SHOW TABLES
  [1m[36mSQL (0.7ms)[0m  [1mSELECT `schema_migrations`.`version` FROM `schema_migrations`[0m
  [1m[36mSQL (6.1ms)[0m  [1mSHOW TABLES[0m
  [1m[35mSQL (1.0ms)[0m  SHOW TABLES
  [1m[36mSQL (1.9ms)[0m  [1mSELECT `schema_migrations`.`version` FROM `schema_migrations`[0m
Migrating to CreateCatches (20110531221145)
  [1m[35mSQL (2.1ms)[0m  CREATE TABLE `catches` (`id` int(11) DEFAULT NULL auto_increment PRIMARY KEY, `chaser_id` varchar(255), `runner_id` varchar(255), `reported_timestamp` datetime, `created_at` datetime, `updated_at` datetime) ENGINE=InnoDB
Mysql::Error: Table 'catches' already exists: CREATE TABLE `catches` (`id` int(11) DEFAULT NULL auto_increment PRIMARY KEY, `chaser_id` varchar(255), `runner_id` varchar(255), `reported_timestamp` datetime, `created_at` datetime, `updated_at` datetime) ENGINE=InnoDB
  [1m[36mSQL (1.8ms)[0m  [1mSHOW TABLES[0m
  [1m[35mSQL (54.3ms)[0m  CREATE TABLE `catches` (`id` int(11) DEFAULT NULL auto_increment PRIMARY KEY, `chaser_id` varchar(255), `runner_id` varchar(255), `reported_timestamp` datetime, `created_at` datetime, `updated_at` datetime) ENGINE=InnoDB
  [1m[36mSQL (7.1ms)[0m  [1mSHOW TABLES[0m
  [1m[35mSQL (22.6ms)[0m  CREATE TABLE `checkins` (`id` int(11) DEFAULT NULL auto_increment PRIMARY KEY, `runner_id` varchar(255), `checkpoint_id` varchar(255), `longitude` float, `latitude` float, `device_id` varchar(255), `reported_timestamp` datetime, `checksum` varchar(255), `created_at` datetime, `updated_at` datetime) ENGINE=InnoDB
  [1m[36mSQL (2.0ms)[0m  [1mSHOW TABLES[0m
  [1m[35mSQL (3.9ms)[0m  CREATE TABLE `checkpoints` (`id` int(11) DEFAULT NULL auto_increment PRIMARY KEY, `checkpoint_id` varchar(255), `longitude` float, `latitude` float, `created_at` datetime, `updated_at` datetime) ENGINE=InnoDB
  [1m[36mSQL (1.1ms)[0m  [1mSHOW TABLES[0m
  [1m[35mSQL (23.2ms)[0m  CREATE TABLE `users` (`id` int(11) DEFAULT NULL auto_increment PRIMARY KEY, `runner_id` varchar(255), `photo_file` varchar(255), `name` varchar(255), `email` varchar(255), `created_at` datetime, `updated_at` datetime) ENGINE=InnoDB
  [1m[36mSQL (0.5ms)[0m  [1mSHOW TABLES[0m
  [1m[35mSQL (17.1ms)[0m  CREATE TABLE `schema_migrations` (`version` varchar(255) NOT NULL) ENGINE=InnoDB
  [1m[36mSQL (1.1ms)[0m  [1mSHOW KEYS FROM `schema_migrations`[0m
  [1m[35mSQL (52.0ms)[0m  CREATE UNIQUE INDEX `unique_schema_migrations` ON `schema_migrations` (`version`)
  [1m[36mSQL (4.1ms)[0m  [1mSHOW TABLES[0m
  [1m[35mSQL (4.5ms)[0m  SELECT version FROM `schema_migrations`
  [1m[36mSQL (3.7ms)[0m  [1mINSERT INTO `schema_migrations` (version) VALUES ('20110531214904')[0m
  [1m[35mSQL (3.4ms)[0m  SHOW TABLES
  [1m[36mSQL (4.0ms)[0m  [1mSHOW TABLES[0m
  [1m[35mSQL (2.1ms)[0m  SELECT `schema_migrations`.`version` FROM `schema_migrations`
  [1m[36mSQL (3.1ms)[0m  [1mSHOW TABLES[0m
  [1m[35mSQL (2.1ms)[0m  SHOW TABLES
  [1m[36mSQL (4.1ms)[0m  [1mSELECT `schema_migrations`.`version` FROM `schema_migrations`[0m
Migrating to CreateCatches (20110531221145)
  [1m[35mSQL (1.5ms)[0m  CREATE TABLE `catches` (`id` int(11) DEFAULT NULL auto_increment PRIMARY KEY, `chaser_id` varchar(255), `runner_id` varchar(255), `reported_timestamp` datetime, `created_at` datetime, `updated_at` datetime) ENGINE=InnoDB
Mysql::Error: Table 'catches' already exists: CREATE TABLE `catches` (`id` int(11) DEFAULT NULL auto_increment PRIMARY KEY, `chaser_id` varchar(255), `runner_id` varchar(255), `reported_timestamp` datetime, `created_at` datetime, `updated_at` datetime) ENGINE=InnoDB
  [1m[36mSQL (0.8ms)[0m  [1mSHOW TABLES[0m
  [1m[35mSQL (0.7ms)[0m  SHOW TABLES
  [1m[36mSQL (0.5ms)[0m  [1mSELECT `schema_migrations`.`version` FROM `schema_migrations`[0m
  [1m[35mSQL (1.3ms)[0m  SHOW TABLES
  [1m[36mSQL (0.6ms)[0m  [1mSELECT `schema_migrations`.`version` FROM `schema_migrations`[0m
  [1m[35mSQL (0.8ms)[0m  SHOW TABLES
  [1m[36mSQL (1.0ms)[0m  [1mdescribe `catches`[0m
  [1m[35mSQL (0.7ms)[0m  SHOW KEYS FROM `catches`
  [1m[36mSQL (0.9ms)[0m  [1mdescribe `checkins`[0m
  [1m[35mSQL (0.7ms)[0m  SHOW KEYS FROM `checkins`
  [1m[36mSQL (1.1ms)[0m  [1mdescribe `checkpoints`[0m
  [1m[35mSQL (0.9ms)[0m  SHOW KEYS FROM `checkpoints`
  [1m[36mSQL (1.2ms)[0m  [1mdescribe `users`[0m
  [1m[35mSQL (1.0ms)[0m  SHOW KEYS FROM `users`
  [1m[36mSQL (2.4ms)[0m  [1mSHOW TABLES[0m
  [1m[35mSQL (2.3ms)[0m  SHOW TABLES
  [1m[36mSQL (3.9ms)[0m  [1mSELECT `schema_migrations`.`version` FROM `schema_migrations`[0m
  [1m[35mSQL (3.2ms)[0m  SHOW TABLES
  [1m[36mSQL (2.8ms)[0m  [1mSELECT `schema_migrations`.`version` FROM `schema_migrations`[0m
  [1m[35mSQL (2.6ms)[0m  SHOW TABLES
  [1m[36mSQL (4.6ms)[0m  [1mdescribe `catches`[0m
  [1m[35mSQL (2.4ms)[0m  SHOW KEYS FROM `catches`
  [1m[36mSQL (3.9ms)[0m  [1mdescribe `checkins`[0m
  [1m[35mSQL (1.7ms)[0m  SHOW KEYS FROM `checkins`
  [1m[36mSQL (3.5ms)[0m  [1mdescribe `checkpoints`[0m
  [1m[35mSQL (202.5ms)[0m  SHOW KEYS FROM `checkpoints`
  [1m[36mSQL (1.0ms)[0m  [1mdescribe `users`[0m
  [1m[35mSQL (0.7ms)[0m  SHOW KEYS FROM `users`
  [1m[36mSQL (0.4ms)[0m  [1mSHOW TABLES[0m
  [1m[35mSQL (0.5ms)[0m  SHOW TABLES
  [1m[36mSQL (0.4ms)[0m  [1mSELECT `schema_migrations`.`version` FROM `schema_migrations`[0m
Migrating to CreateCatches (20110531221145)
  [1m[35mSQL (54.2ms)[0m  CREATE TABLE `catches` (`id` int(11) DEFAULT NULL auto_increment PRIMARY KEY, `chaser_id` varchar(255), `runner_id` varchar(255), `reported_timestamp` datetime, `created_at` datetime, `updated_at` datetime) ENGINE=InnoDB
  [1m[36mSQL (3.0ms)[0m  [1mINSERT INTO `schema_migrations` (`version`) VALUES ('20110531221145')[0m
Migrating to CreateCheckins (20110531221201)
  [1m[35mSQL (39.0ms)[0m  CREATE TABLE `checkins` (`id` int(11) DEFAULT NULL auto_increment PRIMARY KEY, `runner_id` varchar(255), `checkpoint_id` varchar(255), `longitude` float, `latitude` float, `device_id` varchar(255), `reported_timestamp` datetime, `checksum` varchar(255), `created_at` datetime, `updated_at` datetime) ENGINE=InnoDB
  [1m[36mSQL (1.0ms)[0m  [1mINSERT INTO `schema_migrations` (`version`) VALUES ('20110531221201')[0m
Migrating to CreateCheckpoints (20110531221315)
  [1m[35mSQL (17.6ms)[0m  CREATE TABLE `checkpoints` (`id` int(11) DEFAULT NULL auto_increment PRIMARY KEY, `checkpoint_id` varchar(255), `longitude` float, `latitude` float, `created_at` datetime, `updated_at` datetime) ENGINE=InnoDB
  [1m[36mSQL (2.0ms)[0m  [1mINSERT INTO `schema_migrations` (`version`) VALUES ('20110531221315')[0m
Migrating to CreateUsers (20110531221431)
  [1m[35mSQL (12.9ms)[0m  CREATE TABLE `users` (`id` int(11) DEFAULT NULL auto_increment PRIMARY KEY, `runner_id` varchar(255), `photo_file` varchar(255), `name` varchar(255), `email` varchar(255), `device_id` varchar(255), `browser_id` varchar(255), `created_at` datetime, `updated_at` datetime) ENGINE=InnoDB
  [1m[36mSQL (2.4ms)[0m  [1mINSERT INTO `schema_migrations` (`version`) VALUES ('20110531221431')[0m
  [1m[35mSQL (2.2ms)[0m  SHOW TABLES
  [1m[36mSQL (0.6ms)[0m  [1mSELECT `schema_migrations`.`version` FROM `schema_migrations`[0m
  [1m[35mSQL (0.4ms)[0m  SHOW TABLES
  [1m[36mSQL (0.8ms)[0m  [1mdescribe `catches`[0m
  [1m[35mSQL (0.7ms)[0m  SHOW KEYS FROM `catches`
  [1m[36mSQL (1.1ms)[0m  [1mdescribe `checkins`[0m
  [1m[35mSQL (22.9ms)[0m  SHOW KEYS FROM `checkins`
  [1m[36mSQL (0.8ms)[0m  [1mdescribe `checkpoints`[0m
  [1m[35mSQL (0.6ms)[0m  SHOW KEYS FROM `checkpoints`
  [1m[36mSQL (0.9ms)[0m  [1mdescribe `users`[0m
  [1m[35mSQL (0.7ms)[0m  SHOW KEYS FROM `users`
